<?xml version="1.0" encoding="UTF-8"?>
<testsuite xmlns:xsi="http://www.w3.org/2001/XMLSchema-instance" xsi:noNamespaceSchemaLocation="https://maven.apache.org/surefire/maven-surefire-plugin/xsd/surefire-test-report.xsd" name="KwithT.AppTest" time="14.722" tests="9" errors="0" skipped="0" failures="0">
  <properties>
[...]
</properties>
  <testcase name="testgetBooking[1][1]" classname="KwithT.AppTest" time="3.916"/>
  <testcase name="testLogin[1][1]" classname="KwithT.AppTest" time="1.262"/>
  <testcase name="testPing[1][1]" classname="KwithT.AppTest" time="1.158"/>
  <testcase name="testBooking[1][1]" classname="KwithT.AppTest" time="1.793"/>
  <testcase name="testListBooking[1][1]" classname="KwithT.AppTest" time="1.185"/>
  <testcase name="testFailLogin[1][1]" classname="KwithT.AppTest" time="1.236"/>
  <testcase name="testdeleteBooking[1][1]" classname="KwithT.AppTest" time="1.197"/>
  <testcase name="testModifyBooking[1][1]" classname="KwithT.AppTest" time="1.233"/>
  <testcase name="testfaildeleteBooking[1][1]" classname="KwithT.AppTest" time="0.801"/>
</testsuite>